<?xml version="1.0" encoding="UTF-8"?>
<testng-results skipped="0" failed="0" ignored="0" total="1" passed="1">
  <reporter-output>
  </reporter-output>
  <suite name="Surefire suite" duration-ms="12868" started-at="2022-08-12T10:06:29 IST" finished-at="2022-08-12T10:06:42 IST">
    <groups>
      <group name="cucumber">
        <method signature="AbstractTestNGCucumberTests.runScenario(io.cucumber.testng.PickleWrapper,io.cucumber.testng.FeatureWrapper)[pri:0, instance:Runner.TestRunner@e320068]" name="runScenario" class="io.cucumber.testng.AbstractTestNGCucumberTests"/>
      </group> <!-- cucumber -->
    </groups>
    <test name="Surefire test" duration-ms="12868" started-at="2022-08-12T10:06:29 IST" finished-at="2022-08-12T10:06:42 IST">
      <class name="Runner.TestRunner">
        <test-method status="PASS" signature="setUpClass(org.testng.ITestContext)[pri:0, instance:Runner.TestRunner@e320068]" name="setUpClass" is-config="true" duration-ms="521" started-at="2022-08-12T10:06:29 IST" finished-at="2022-08-12T10:06:29 IST">
          <params>
            <param index="0">
              <value>
                <![CDATA[org.testng.TestRunner@3c0fbd3a]]>
              </value>
            </param>
          </params>
          <reporter-output>
          </reporter-output>
        </test-method> <!-- setUpClass -->
        <test-method status="PASS" signature="runScenario(io.cucumber.testng.PickleWrapper,io.cucumber.testng.FeatureWrapper)[pri:0, instance:Runner.TestRunner@e320068]" name="runScenario" duration-ms="12180" started-at="2022-08-12T10:06:29 IST" description="Runs Cucumber Scenarios" data-provider="scenarios" finished-at="2022-08-12T10:06:42 IST">
          <params>
            <param index="0">
              <value>
                <![CDATA["To validate login"]]>
              </value>
            </param>
            <param index="1">
              <value>
                <![CDATA["To Test Elearning"]]>
              </value>
            </param>
          </params>
          <reporter-output>
          </reporter-output>
        </test-method> <!-- runScenario -->
        <test-method status="PASS" signature="tearDownClass()[pri:0, instance:Runner.TestRunner@e320068]" name="tearDownClass" is-config="true" duration-ms="138" started-at="2022-08-12T10:06:42 IST" finished-at="2022-08-12T10:06:42 IST">
          <reporter-output>
          </reporter-output>
        </test-method> <!-- tearDownClass -->
      </class> <!-- Runner.TestRunner -->
    </test> <!-- Surefire test -->
  </suite> <!-- Surefire suite -->
</testng-results>
