<?xml version="1.0" encoding="UTF-8"?>
<testng-results skipped="0" failed="0" ignored="0" total="1" passed="1">
  <reporter-output>
  </reporter-output>
  <suite name="Default suite" duration-ms="10715" started-at="2022-08-11T15:31:27 IST" finished-at="2022-08-11T15:31:37 IST">
    <groups>
      <group name="cucumber">
        <method signature="AbstractTestNGCucumberTests.runScenario(io.cucumber.testng.PickleWrapper,io.cucumber.testng.FeatureWrapper)[pri:0, instance:Runner.TestRunner@69b0fd6f]" name="runScenario" class="io.cucumber.testng.AbstractTestNGCucumberTests"/>
      </group> <!-- cucumber -->
    </groups>
    <test name="Default test" duration-ms="10715" started-at="2022-08-11T15:31:27 IST" finished-at="2022-08-11T15:31:37 IST">
      <class name="Runner.TestRunner">
        <test-method status="PASS" signature="setUpClass(org.testng.ITestContext)[pri:0, instance:Runner.TestRunner@69b0fd6f]" name="setUpClass" is-config="true" duration-ms="664" started-at="2022-08-11T15:31:27 IST" finished-at="2022-08-11T15:31:27 IST">
          <params>
            <param index="0">
              <value>
                <![CDATA[org.testng.TestRunner@67001148]]>
              </value>
            </param>
          </params>
          <reporter-output>
          </reporter-output>
        </test-method> <!-- setUpClass -->
        <test-method status="PASS" signature="runScenario(io.cucumber.testng.PickleWrapper,io.cucumber.testng.FeatureWrapper)[pri:0, instance:Runner.TestRunner@69b0fd6f]" name="runScenario" duration-ms="9840" started-at="2022-08-11T15:31:27 IST" description="Runs Cucumber Scenarios" data-provider="scenarios" finished-at="2022-08-11T15:31:37 IST">
          <params>
            <param index="0">
              <value>
                <![CDATA["To validate login"]]>
              </value>
            </param>
            <param index="1">
              <value>
                <![CDATA["To Test Elearning"]]>
              </value>
            </param>
          </params>
          <reporter-output>
          </reporter-output>
        </test-method> <!-- runScenario -->
        <test-method status="PASS" signature="tearDownClass()[pri:0, instance:Runner.TestRunner@69b0fd6f]" name="tearDownClass" is-config="true" duration-ms="159" started-at="2022-08-11T15:31:37 IST" finished-at="2022-08-11T15:31:37 IST">
          <reporter-output>
          </reporter-output>
        </test-method> <!-- tearDownClass -->
      </class> <!-- Runner.TestRunner -->
    </test> <!-- Default test -->
  </suite> <!-- Default suite -->
</testng-results>
